  main.cpp
c:\users\mateusz\documents\visual studio 2017\projects\16 sfml\racing\tetris\main.cpp(28): warning C4244: 'initializing': conversion from 'int' to 'float', possible loss of data
c:\users\mateusz\documents\visual studio 2017\projects\16 sfml\racing\tetris\main.cpp(29): warning C4244: 'initializing': conversion from 'int' to 'float', possible loss of data
c:\users\mateusz\documents\visual studio 2017\projects\16 sfml\racing\tetris\main.cpp(31): warning C4244: '+=': conversion from 'double' to 'float', possible loss of data
c:\users\mateusz\documents\visual studio 2017\projects\16 sfml\racing\tetris\main.cpp(31): warning C4244: '-=': conversion from 'double' to 'float', possible loss of data
c:\users\mateusz\documents\visual studio 2017\projects\16 sfml\racing\tetris\main.cpp(58): warning C4244: '=': conversion from 'int' to 'float', possible loss of data
c:\users\mateusz\documents\visual studio 2017\projects\16 sfml\racing\tetris\main.cpp(59): warning C4244: '=': conversion from 'int' to 'float', possible loss of data
c:\users\mateusz\documents\visual studio 2017\projects\16 sfml\racing\tetris\main.cpp(60): warning C4244: '=': conversion from 'int' to 'float', possible loss of data
c:\users\mateusz\documents\visual studio 2017\projects\16 sfml\racing\tetris\main.cpp(65): warning C4305: 'initializing': truncation from 'double' to 'float'
c:\users\mateusz\documents\visual studio 2017\projects\16 sfml\racing\tetris\main.cpp(66): warning C4305: 'initializing': truncation from 'double' to 'float'
c:\users\mateusz\documents\visual studio 2017\projects\16 sfml\racing\tetris\main.cpp(115): warning C4244: '+=': conversion from 'double' to 'float', possible loss of data
c:\users\mateusz\documents\visual studio 2017\projects\16 sfml\racing\tetris\main.cpp(116): warning C4244: '+=': conversion from 'double' to 'float', possible loss of data
c:\users\mateusz\documents\visual studio 2017\projects\16 sfml\racing\tetris\main.cpp(117): warning C4244: '-=': conversion from 'double' to 'float', possible loss of data
c:\users\mateusz\documents\visual studio 2017\projects\16 sfml\racing\tetris\main.cpp(118): warning C4244: '-=': conversion from 'double' to 'float', possible loss of data
c:\users\mateusz\documents\visual studio 2017\projects\16 sfml\racing\tetris\main.cpp(119): warning C4244: '=': conversion from 'float' to 'int', possible loss of data
c:\users\mateusz\documents\visual studio 2017\projects\16 sfml\racing\tetris\main.cpp(120): warning C4244: '=': conversion from 'float' to 'int', possible loss of data
c:\users\mateusz\documents\visual studio 2017\projects\16 sfml\racing\tetris\main.cpp(128): warning C4244: '=': conversion from 'float' to 'int', possible loss of data
c:\users\mateusz\documents\visual studio 2017\projects\16 sfml\racing\tetris\main.cpp(129): warning C4244: '=': conversion from 'float' to 'int', possible loss of data
c:\users\mateusz\documents\visual studio 2017\projects\16 sfml\racing\tetris\main.cpp(131): warning C4244: 'argument': conversion from 'int' to 'float', possible loss of data
c:\users\mateusz\documents\visual studio 2017\projects\16 sfml\racing\tetris\main.cpp(139): warning C4244: 'argument': conversion from 'double' to 'float', possible loss of data
  Tetris.vcxproj -> C:\Users\Mateusz\Documents\Visual Studio 2017\Projects\16 SFML\racing\Debug\Tetris.exe
  Tetris.vcxproj -> C:\Users\Mateusz\Documents\Visual Studio 2017\Projects\16 SFML\racing\Debug\Tetris.pdb (Partial PDB)
