  stdafx.cpp
  Paddle.cpp
  Block.cpp
  Ball.cpp
  ArcanoidTutorial.cpp
c:\users\mateusz\documents\visual studio 2017\projects\akranoid cziczak\skończony arkanoid\arcanoidtutorial\arcanoidtutorial.cpp(77): warning C4018: '<': signed/unsigned mismatch
c:\users\mateusz\documents\visual studio 2017\projects\akranoid cziczak\skończony arkanoid\arcanoidtutorial\arcanoidtutorial.cpp(79): warning C4018: '<': signed/unsigned mismatch
c:\program files (x86)\microsoft visual studio\2017\community\vc\tools\msvc\14.10.25017\include\xmemory0(840): warning C4244: 'argument': conversion from 'unsigned int' to 'float', possible loss of data
  c:\program files (x86)\microsoft visual studio\2017\community\vc\tools\msvc\14.10.25017\include\xmemory0(959): note: see reference to function template instantiation 'void std::allocator<_Ty>::construct<_Objty,unsigned int,unsigned int,unsigned int&,unsigned int&>(_Objty *,unsigned int &&,unsigned int &&,unsigned int &,unsigned int &)' being compiled
          with
          [
              _Ty=Block,
              _Objty=Block
          ]
  c:\program files (x86)\microsoft visual studio\2017\community\vc\tools\msvc\14.10.25017\include\xmemory0(959): note: see reference to function template instantiation 'void std::allocator<_Ty>::construct<_Objty,unsigned int,unsigned int,unsigned int&,unsigned int&>(_Objty *,unsigned int &&,unsigned int &&,unsigned int &,unsigned int &)' being compiled
          with
          [
              _Ty=Block,
              _Objty=Block
          ]
  c:\program files (x86)\microsoft visual studio\2017\community\vc\tools\msvc\14.10.25017\include\xmemory0(1097): note: see reference to function template instantiation 'void std::allocator_traits<_Alloc>::construct<_Ty,unsigned int,unsigned int,unsigned int&,unsigned int&>(std::allocator<_Ty> &,_Objty *,unsigned int &&,unsigned int &&,unsigned int &,unsigned int &)' being compiled
          with
          [
              _Alloc=std::allocator<Block>,
              _Ty=Block,
              _Objty=Block
          ]
  c:\program files (x86)\microsoft visual studio\2017\community\vc\tools\msvc\14.10.25017\include\xmemory0(1096): note: see reference to function template instantiation 'void std::allocator_traits<_Alloc>::construct<_Ty,unsigned int,unsigned int,unsigned int&,unsigned int&>(std::allocator<_Ty> &,_Objty *,unsigned int &&,unsigned int &&,unsigned int &,unsigned int &)' being compiled
          with
          [
              _Alloc=std::allocator<Block>,
              _Ty=Block,
              _Objty=Block
          ]
  c:\program files (x86)\microsoft visual studio\2017\community\vc\tools\msvc\14.10.25017\include\vector(928): note: see reference to function template instantiation 'void std::_Wrap_alloc<std::allocator<_Ty>>::construct<_Ty,unsigned int,unsigned int,unsigned int&,unsigned int&>(_Ty *,unsigned int &&,unsigned int &&,unsigned int &,unsigned int &)' being compiled
          with
          [
              _Ty=Block
          ]
  c:\program files (x86)\microsoft visual studio\2017\community\vc\tools\msvc\14.10.25017\include\vector(928): note: see reference to function template instantiation 'void std::_Wrap_alloc<std::allocator<_Ty>>::construct<_Ty,unsigned int,unsigned int,unsigned int&,unsigned int&>(_Ty *,unsigned int &&,unsigned int &&,unsigned int &,unsigned int &)' being compiled
          with
          [
              _Ty=Block
          ]
  c:\users\mateusz\documents\visual studio 2017\projects\akranoid cziczak\skończony arkanoid\arcanoidtutorial\arcanoidtutorial.cpp(81): note: see reference to function template instantiation 'void std::vector<Block,std::allocator<_Ty>>::emplace_back<unsigned int,unsigned int,unsigned int&,unsigned int&>(unsigned int &&,unsigned int &&,unsigned int &,unsigned int &)' being compiled
          with
          [
              _Ty=Block
          ]
  c:\users\mateusz\documents\visual studio 2017\projects\akranoid cziczak\skończony arkanoid\arcanoidtutorial\arcanoidtutorial.cpp(81): note: see reference to function template instantiation 'void std::vector<Block,std::allocator<_Ty>>::emplace_back<unsigned int,unsigned int,unsigned int&,unsigned int&>(unsigned int &&,unsigned int &&,unsigned int &,unsigned int &)' being compiled
          with
          [
              _Ty=Block
          ]
  Generating Code...
c:\users\mateusz\documents\visual studio 2017\projects\akranoid cziczak\skończony arkanoid\arcanoidtutorial\arcanoidtutorial.cpp(64): warning C4715: 'colisionTest': not all control paths return a value
c:\users\mateusz\documents\visual studio 2017\projects\akranoid cziczak\skończony arkanoid\arcanoidtutorial\arcanoidtutorial.cpp(34): warning C4715: 'colisionTest': not all control paths return a value
  ArcanoidTutorial.vcxproj -> C:\Users\Mateusz\Documents\Visual Studio 2017\Projects\akranoid cziczak\skończony arkanoid\Debug\ArcanoidTutorial.exe
  ArcanoidTutorial.vcxproj -> C:\Users\Mateusz\Documents\Visual Studio 2017\Projects\akranoid cziczak\skończony arkanoid\Debug\ArcanoidTutorial.pdb (Partial PDB)
